The system is: Darwin - 20.3.0 - x86_64
Compiling the CXX compiler identification source file "CMakeCXXCompilerId.cpp" succeeded.
Compiler: /Library/Developer/CommandLineTools/usr/bin/c++ 
Build flags: 
Id flags: -c 

The output was:
0


Compilation of the CXX compiler identification source "CMakeCXXCompilerId.cpp" produced "CMakeCXXCompilerId.o"

The CXX compiler identification is AppleClang, found in "/Users/General/Google Drive (jiayanluo2024@u.northwestern.edu)/School/Freshman Year/Winter/CS 211 - Fundamentals of Computer Programming 2/Homework/Final Project/final_project2/cmake-build-debug/CMakeFiles/3.17.5/CompilerIdCXX/CMakeCXXCompilerId.o"

Determining if the CXX compiler works passed with the following output:
Change Dir: /Users/General/Google Drive (jiayanluo2024@u.northwestern.edu)/School/Freshman Year/Winter/CS 211 - Fundamentals of Computer Programming 2/Homework/Final Project/final_project2/cmake-build-debug/CMakeFiles/CMakeTmp

Run Build Command(s):/usr/bin/make cmTC_7d34f/fast && /Library/Developer/CommandLineTools/usr/bin/make  -f CMakeFiles/cmTC_7d34f.dir/build.make CMakeFiles/cmTC_7d34f.dir/build
Building CXX object CMakeFiles/cmTC_7d34f.dir/testCXXCompiler.cxx.o
/Library/Developer/CommandLineTools/usr/bin/c++    -isysroot /Library/Developer/CommandLineTools/SDKs/MacOSX11.1.sdk   -o CMakeFiles/cmTC_7d34f.dir/testCXXCompiler.cxx.o -c "/Users/General/Google Drive (jiayanluo2024@u.northwestern.edu)/School/Freshman Year/Winter/CS 211 - Fundamentals of Computer Programming 2/Homework/Final Project/final_project2/cmake-build-debug/CMakeFiles/CMakeTmp/testCXXCompiler.cxx"
Linking CXX executable cmTC_7d34f
/Applications/CLion.app/Contents/bin/cmake/mac/bin/cmake -E cmake_link_script CMakeFiles/cmTC_7d34f.dir/link.txt --verbose=1
/Library/Developer/CommandLineTools/usr/bin/c++    -isysroot /Library/Developer/CommandLineTools/SDKs/MacOSX11.1.sdk -Wl,-search_paths_first -Wl,-headerpad_max_install_names   CMakeFiles/cmTC_7d34f.dir/testCXXCompiler.cxx.o  -o cmTC_7d34f 



Detecting CXX compiler ABI info compiled with the following output:
Change Dir: /Users/General/Google Drive (jiayanluo2024@u.northwestern.edu)/School/Freshman Year/Winter/CS 211 - Fundamentals of Computer Programming 2/Homework/Final Project/final_project2/cmake-build-debug/CMakeFiles/CMakeTmp

Run Build Command(s):/usr/bin/make cmTC_de81a/fast && /Library/Developer/CommandLineTools/usr/bin/make  -f CMakeFiles/cmTC_de81a.dir/build.make CMakeFiles/cmTC_de81a.dir/build
Building CXX object CMakeFiles/cmTC_de81a.dir/CMakeCXXCompilerABI.cpp.o
/Library/Developer/CommandLineTools/usr/bin/c++    -isysroot /Library/Developer/CommandLineTools/SDKs/MacOSX11.1.sdk   -v -Wl,-v -o CMakeFiles/cmTC_de81a.dir/CMakeCXXCompilerABI.cpp.o -c /Applications/CLion.app/Contents/bin/cmake/mac/share/cmake-3.17/Modules/CMakeCXXCompilerABI.cpp
Apple clang version 12.0.0 (clang-1200.0.32.29)
Target: x86_64-apple-darwin20.3.0
Thread model: posix
InstalledDir: /Library/Developer/CommandLineTools/usr/bin
clang: warning: -Wl,-v: 'linker' input unused [-Wunused-command-line-argument]
ignoring nonexistent directory "/Library/Developer/CommandLineTools/SDKs/MacOSX11.1.sdk/usr/include/c++/v1"
 "/Library/Developer/CommandLineTools/usr/bin/clang" -cc1 -triple x86_64-apple-macosx11.0.0 -Wdeprecated-objc-isa-usage -Werror=deprecated-objc-isa-usage -Werror=implicit-function-declaration -emit-obj -mrelax-all -disable-free -disable-llvm-verifier -discard-value-names -main-file-name CMakeCXXCompilerABI.cpp -mrelocation-model pic -pic-level 2 -mthread-model posix -mframe-pointer=all -fno-strict-return -masm-verbose -munwind-tables -target-sdk-version=11.1 -target-cpu penryn -dwarf-column-info -debugger-tuning=lldb -target-linker-version 609.8 -v -resource-dir /Library/Developer/CommandLineTools/usr/lib/clang/12.0.0 -isysroot /Library/Developer/CommandLineTools/SDKs/MacOSX11.1.sdk -stdlib=libc++ -internal-isystem /Library/Developer/CommandLineTools/usr/bin/../include/c++/v1 -internal-isystem /Library/Developer/CommandLineTools/SDKs/MacOSX11.1.sdk/usr/local/include -internal-isystem /Library/Developer/CommandLineTools/usr/lib/clang/12.0.0/include -internal-externc-isystem /Library/Developer/CommandLineTools/SDKs/MacOSX11.1.sdk/usr/include -internal-externc-isystem /Library/Developer/CommandLineTools/usr/include -Wno-reorder-init-list -Wno-implicit-int-float-conversion -Wno-c99-designator -Wno-final-dtor-non-final-class -Wno-extra-semi-stmt -Wno-misleading-indentation -Wno-quoted-include-in-framework-header -Wno-implicit-fallthrough -Wno-enum-enum-conversion -Wno-enum-float-conversion -fdeprecated-macro -fdebug-compilation-dir "/Users/General/Google Drive (jiayanluo2024@u.northwestern.edu)/School/Freshman Year/Winter/CS 211 - Fundamentals of Computer Programming 2/Homework/Final Project/final_project2/cmake-build-debug/CMakeFiles/CMakeTmp" -ferror-limit 19 -fmessage-length 0 -stack-protector 1 -fstack-check -mdarwin-stkchk-strong-link -fblocks -fencode-extended-block-signature -fregister-global-dtors-with-atexit -fgnuc-version=4.2.1 -fobjc-runtime=macosx-11.0.0 -fcxx-exceptions -fexceptions -fmax-type-align=16 -fdiagnostics-show-option -o CMakeFiles/cmTC_de81a.dir/CMakeCXXCompilerABI.cpp.o -x c++ /Applications/CLion.app/Contents/bin/cmake/mac/share/cmake-3.17/Modules/CMakeCXXCompilerABI.cpp
clang -cc1 version 12.0.0 (clang-1200.0.32.29) default target x86_64-apple-darwin20.3.0
ignoring nonexistent directory "/Library/Developer/CommandLineTools/SDKs/MacOSX11.1.sdk/usr/local/include"
ignoring nonexistent directory "/Library/Developer/CommandLineTools/SDKs/MacOSX11.1.sdk/Library/Frameworks"
#include "..." search starts here:
#include <...> search starts here:
 /Library/Developer/CommandLineTools/usr/bin/../include/c++/v1
 /Library/Developer/CommandLineTools/usr/lib/clang/12.0.0/include
 /Library/Developer/CommandLineTools/SDKs/MacOSX11.1.sdk/usr/include
 /Library/Developer/CommandLineTools/usr/include
 /Library/Developer/CommandLineTools/SDKs/MacOSX11.1.sdk/System/Library/Frameworks (framework directory)
End of search list.
Linking CXX executable cmTC_de81a
/Applications/CLion.app/Contents/bin/cmake/mac/bin/cmake -E cmake_link_script CMakeFiles/cmTC_de81a.dir/link.txt --verbose=1
/Library/Developer/CommandLineTools/usr/bin/c++    -isysroot /Library/Developer/CommandLineTools/SDKs/MacOSX11.1.sdk -Wl,-search_paths_first -Wl,-headerpad_max_install_names  -v -Wl,-v CMakeFiles/cmTC_de81a.dir/CMakeCXXCompilerABI.cpp.o  -o cmTC_de81a 
Apple clang version 12.0.0 (clang-1200.0.32.29)
Target: x86_64-apple-darwin20.3.0
Thread model: posix
InstalledDir: /Library/Developer/CommandLineTools/usr/bin
 "/Library/Developer/CommandLineTools/usr/bin/ld" -demangle -lto_library /Library/Developer/CommandLineTools/usr/lib/libLTO.dylib -dynamic -arch x86_64 -platform_version macos 11.0.0 11.1 -syslibroot /Library/Developer/CommandLineTools/SDKs/MacOSX11.1.sdk -o cmTC_de81a -search_paths_first -headerpad_max_install_names -v CMakeFiles/cmTC_de81a.dir/CMakeCXXCompilerABI.cpp.o -lc++ -lSystem /Library/Developer/CommandLineTools/usr/lib/clang/12.0.0/lib/darwin/libclang_rt.osx.a
@(#)PROGRAM:ld  PROJECT:ld64-609.8
BUILD 15:07:46 Dec 18 2020
configured to support archs: armv6 armv7 armv7s arm64 arm64e arm64_32 i386 x86_64 x86_64h armv6m armv7k armv7m armv7em
Library search paths:
	/Library/Developer/CommandLineTools/SDKs/MacOSX11.1.sdk/usr/lib
Framework search paths:
	/Library/Developer/CommandLineTools/SDKs/MacOSX11.1.sdk/System/Library/Frameworks/



Parsed CXX implicit include dir info from above output: rv=done
  found start of include info
  found start of implicit include info
    add: [/Library/Developer/CommandLineTools/usr/bin/../include/c++/v1]
    add: [/Library/Developer/CommandLineTools/usr/lib/clang/12.0.0/include]
    add: [/Library/Developer/CommandLineTools/SDKs/MacOSX11.1.sdk/usr/include]
    add: [/Library/Developer/CommandLineTools/usr/include]
  end of search list found
  collapse include dir [/Library/Developer/CommandLineTools/usr/bin/../include/c++/v1] ==> [/Library/Developer/CommandLineTools/usr/include/c++/v1]
  collapse include dir [/Library/Developer/CommandLineTools/usr/lib/clang/12.0.0/include] ==> [/Library/Developer/CommandLineTools/usr/lib/clang/12.0.0/include]
  collapse include dir [/Library/Developer/CommandLineTools/SDKs/MacOSX11.1.sdk/usr/include] ==> [/Library/Developer/CommandLineTools/SDKs/MacOSX11.1.sdk/usr/include]
  collapse include dir [/Library/Developer/CommandLineTools/usr/include] ==> [/Library/Developer/CommandLineTools/usr/include]
  implicit include dirs: [/Library/Developer/CommandLineTools/usr/include/c++/v1;/Library/Developer/CommandLineTools/usr/lib/clang/12.0.0/include;/Library/Developer/CommandLineTools/SDKs/MacOSX11.1.sdk/usr/include;/Library/Developer/CommandLineTools/usr/include]


Parsed CXX implicit link information from above output:
  link line regex: [^( *|.*[/\])(ld|CMAKE_LINK_STARTFILE-NOTFOUND|([^/\]+-)?ld|collect2)[^/\]*( |$)]
  ignore line: [Change Dir: /Users/General/Google Drive (jiayanluo2024@u.northwestern.edu)/School/Freshman Year/Winter/CS 211 - Fundamentals of Computer Programming 2/Homework/Final Project/final_project2/cmake-build-debug/CMakeFiles/CMakeTmp]
  ignore line: []
  ignore line: [Run Build Command(s):/usr/bin/make cmTC_de81a/fast && /Library/Developer/CommandLineTools/usr/bin/make  -f CMakeFiles/cmTC_de81a.dir/build.make CMakeFiles/cmTC_de81a.dir/build]
  ignore line: [Building CXX object CMakeFiles/cmTC_de81a.dir/CMakeCXXCompilerABI.cpp.o]
  ignore line: [/Library/Developer/CommandLineTools/usr/bin/c++    -isysroot /Library/Developer/CommandLineTools/SDKs/MacOSX11.1.sdk   -v -Wl -v -o CMakeFiles/cmTC_de81a.dir/CMakeCXXCompilerABI.cpp.o -c /Applications/CLion.app/Contents/bin/cmake/mac/share/cmake-3.17/Modules/CMakeCXXCompilerABI.cpp]
  ignore line: [Apple clang version 12.0.0 (clang-1200.0.32.29)]
  ignore line: [Target: x86_64-apple-darwin20.3.0]
  ignore line: [Thread model: posix]
  ignore line: [InstalledDir: /Library/Developer/CommandLineTools/usr/bin]
  ignore line: [clang: warning: -Wl -v: 'linker' input unused [-Wunused-command-line-argument]]
  ignore line: [ignoring nonexistent directory "/Library/Developer/CommandLineTools/SDKs/MacOSX11.1.sdk/usr/include/c++/v1"]
  ignore line: [ "/Library/Developer/CommandLineTools/usr/bin/clang" -cc1 -triple x86_64-apple-macosx11.0.0 -Wdeprecated-objc-isa-usage -Werror=deprecated-objc-isa-usage -Werror=implicit-function-declaration -emit-obj -mrelax-all -disable-free -disable-llvm-verifier -discard-value-names -main-file-name CMakeCXXCompilerABI.cpp -mrelocation-model pic -pic-level 2 -mthread-model posix -mframe-pointer=all -fno-strict-return -masm-verbose -munwind-tables -target-sdk-version=11.1 -target-cpu penryn -dwarf-column-info -debugger-tuning=lldb -target-linker-version 609.8 -v -resource-dir /Library/Developer/CommandLineTools/usr/lib/clang/12.0.0 -isysroot /Library/Developer/CommandLineTools/SDKs/MacOSX11.1.sdk -stdlib=libc++ -internal-isystem /Library/Developer/CommandLineTools/usr/bin/../include/c++/v1 -internal-isystem /Library/Developer/CommandLineTools/SDKs/MacOSX11.1.sdk/usr/local/include -internal-isystem /Library/Developer/CommandLineTools/usr/lib/clang/12.0.0/include -internal-externc-isystem /Library/Developer/CommandLineTools/SDKs/MacOSX11.1.sdk/usr/include -internal-externc-isystem /Library/Developer/CommandLineTools/usr/include -Wno-reorder-init-list -Wno-implicit-int-float-conversion -Wno-c99-designator -Wno-final-dtor-non-final-class -Wno-extra-semi-stmt -Wno-misleading-indentation -Wno-quoted-include-in-framework-header -Wno-implicit-fallthrough -Wno-enum-enum-conversion -Wno-enum-float-conversion -fdeprecated-macro -fdebug-compilation-dir "/Users/General/Google Drive (jiayanluo2024@u.northwestern.edu)/School/Freshman Year/Winter/CS 211 - Fundamentals of Computer Programming 2/Homework/Final Project/final_project2/cmake-build-debug/CMakeFiles/CMakeTmp" -ferror-limit 19 -fmessage-length 0 -stack-protector 1 -fstack-check -mdarwin-stkchk-strong-link -fblocks -fencode-extended-block-signature -fregister-global-dtors-with-atexit -fgnuc-version=4.2.1 -fobjc-runtime=macosx-11.0.0 -fcxx-exceptions -fexceptions -fmax-type-align=16 -fdiagnostics-show-option -o CMakeFiles/cmTC_de81a.dir/CMakeCXXCompilerABI.cpp.o -x c++ /Applications/CLion.app/Contents/bin/cmake/mac/share/cmake-3.17/Modules/CMakeCXXCompilerABI.cpp]
  ignore line: [clang -cc1 version 12.0.0 (clang-1200.0.32.29) default target x86_64-apple-darwin20.3.0]
  ignore line: [ignoring nonexistent directory "/Library/Developer/CommandLineTools/SDKs/MacOSX11.1.sdk/usr/local/include"]
  ignore line: [ignoring nonexistent directory "/Library/Developer/CommandLineTools/SDKs/MacOSX11.1.sdk/Library/Frameworks"]
  ignore line: [#include "..." search starts here:]
  ignore line: [#include <...> search starts here:]
  ignore line: [ /Library/Developer/CommandLineTools/usr/bin/../include/c++/v1]
  ignore line: [ /Library/Developer/CommandLineTools/usr/lib/clang/12.0.0/include]
  ignore line: [ /Library/Developer/CommandLineTools/SDKs/MacOSX11.1.sdk/usr/include]
  ignore line: [ /Library/Developer/CommandLineTools/usr/include]
  ignore line: [ /Library/Developer/CommandLineTools/SDKs/MacOSX11.1.sdk/System/Library/Frameworks (framework directory)]
  ignore line: [End of search list.]
  ignore line: [Linking CXX executable cmTC_de81a]
  ignore line: [/Applications/CLion.app/Contents/bin/cmake/mac/bin/cmake -E cmake_link_script CMakeFiles/cmTC_de81a.dir/link.txt --verbose=1]
  ignore line: [/Library/Developer/CommandLineTools/usr/bin/c++    -isysroot /Library/Developer/CommandLineTools/SDKs/MacOSX11.1.sdk -Wl -search_paths_first -Wl -headerpad_max_install_names  -v -Wl -v CMakeFiles/cmTC_de81a.dir/CMakeCXXCompilerABI.cpp.o  -o cmTC_de81a ]
  ignore line: [Apple clang version 12.0.0 (clang-1200.0.32.29)]
  ignore line: [Target: x86_64-apple-darwin20.3.0]
  ignore line: [Thread model: posix]
  ignore line: [InstalledDir: /Library/Developer/CommandLineTools/usr/bin]
  link line: [ "/Library/Developer/CommandLineTools/usr/bin/ld" -demangle -lto_library /Library/Developer/CommandLineTools/usr/lib/libLTO.dylib -dynamic -arch x86_64 -platform_version macos 11.0.0 11.1 -syslibroot /Library/Developer/CommandLineTools/SDKs/MacOSX11.1.sdk -o cmTC_de81a -search_paths_first -headerpad_max_install_names -v CMakeFiles/cmTC_de81a.dir/CMakeCXXCompilerABI.cpp.o -lc++ -lSystem /Library/Developer/CommandLineTools/usr/lib/clang/12.0.0/lib/darwin/libclang_rt.osx.a]
    arg [/Library/Developer/CommandLineTools/usr/bin/ld] ==> ignore
    arg [-demangle] ==> ignore
    arg [-lto_library] ==> ignore, skip following value
    arg [/Library/Developer/CommandLineTools/usr/lib/libLTO.dylib] ==> skip value of -lto_library
    arg [-dynamic] ==> ignore
    arg [-arch] ==> ignore
    arg [x86_64] ==> ignore
    arg [-platform_version] ==> ignore
    arg [macos] ==> ignore
    arg [11.0.0] ==> ignore
    arg [11.1] ==> ignore
    arg [-syslibroot] ==> ignore
    arg [/Library/Developer/CommandLineTools/SDKs/MacOSX11.1.sdk] ==> ignore
    arg [-o] ==> ignore
    arg [cmTC_de81a] ==> ignore
    arg [-search_paths_first] ==> ignore
    arg [-headerpad_max_install_names] ==> ignore
    arg [-v] ==> ignore
    arg [CMakeFiles/cmTC_de81a.dir/CMakeCXXCompilerABI.cpp.o] ==> ignore
    arg [-lc++] ==> lib [c++]
    arg [-lSystem] ==> lib [System]
    arg [/Library/Developer/CommandLineTools/usr/lib/clang/12.0.0/lib/darwin/libclang_rt.osx.a] ==> lib [/Library/Developer/CommandLineTools/usr/lib/clang/12.0.0/lib/darwin/libclang_rt.osx.a]
  Library search paths: [;/Library/Developer/CommandLineTools/SDKs/MacOSX11.1.sdk/usr/lib]
  Framework search paths: [;/Library/Developer/CommandLineTools/SDKs/MacOSX11.1.sdk/System/Library/Frameworks/]
  remove lib [System]
  remove lib [/Library/Developer/CommandLineTools/usr/lib/clang/12.0.0/lib/darwin/libclang_rt.osx.a]
  collapse library dir [/Library/Developer/CommandLineTools/SDKs/MacOSX11.1.sdk/usr/lib] ==> [/Library/Developer/CommandLineTools/SDKs/MacOSX11.1.sdk/usr/lib]
  collapse framework dir [/Library/Developer/CommandLineTools/SDKs/MacOSX11.1.sdk/System/Library/Frameworks/] ==> [/Library/Developer/CommandLineTools/SDKs/MacOSX11.1.sdk/System/Library/Frameworks]
  implicit libs: [c++]
  implicit dirs: [/Library/Developer/CommandLineTools/SDKs/MacOSX11.1.sdk/usr/lib]
  implicit fwks: [/Library/Developer/CommandLineTools/SDKs/MacOSX11.1.sdk/System/Library/Frameworks]


Performing C++ SOURCE FILE Test CXXFLAG_WALL_OKAY succeeded with the following output:
Change Dir: /Users/General/Google Drive (jiayanluo2024@u.northwestern.edu)/School/Freshman Year/Winter/CS 211 - Fundamentals of Computer Programming 2/Homework/Final Project/final_project2/cmake-build-debug/CMakeFiles/CMakeTmp

Run Build Command(s):/usr/bin/make cmTC_de2d2/fast && /Library/Developer/CommandLineTools/usr/bin/make  -f CMakeFiles/cmTC_de2d2.dir/build.make CMakeFiles/cmTC_de2d2.dir/build
Building CXX object CMakeFiles/cmTC_de2d2.dir/src.cxx.o
/Library/Developer/CommandLineTools/usr/bin/c++    -DCXXFLAG_WALL_OKAY -isysroot /Library/Developer/CommandLineTools/SDKs/MacOSX11.1.sdk   -Wall -o CMakeFiles/cmTC_de2d2.dir/src.cxx.o -c "/Users/General/Google Drive (jiayanluo2024@u.northwestern.edu)/School/Freshman Year/Winter/CS 211 - Fundamentals of Computer Programming 2/Homework/Final Project/final_project2/cmake-build-debug/CMakeFiles/CMakeTmp/src.cxx"
Linking CXX executable cmTC_de2d2
/Applications/CLion.app/Contents/bin/cmake/mac/bin/cmake -E cmake_link_script CMakeFiles/cmTC_de2d2.dir/link.txt --verbose=1
/Library/Developer/CommandLineTools/usr/bin/c++   -DCXXFLAG_WALL_OKAY -isysroot /Library/Developer/CommandLineTools/SDKs/MacOSX11.1.sdk -Wl,-search_paths_first -Wl,-headerpad_max_install_names   CMakeFiles/cmTC_de2d2.dir/src.cxx.o  -o cmTC_de2d2 


Source file was:
int main() { return 0; }
Performing C++ SOURCE FILE Test CXXFLAG_WCAST_QUAL_OKAY succeeded with the following output:
Change Dir: /Users/General/Google Drive (jiayanluo2024@u.northwestern.edu)/School/Freshman Year/Winter/CS 211 - Fundamentals of Computer Programming 2/Homework/Final Project/final_project2/cmake-build-debug/CMakeFiles/CMakeTmp

Run Build Command(s):/usr/bin/make cmTC_17d8f/fast && /Library/Developer/CommandLineTools/usr/bin/make  -f CMakeFiles/cmTC_17d8f.dir/build.make CMakeFiles/cmTC_17d8f.dir/build
Building CXX object CMakeFiles/cmTC_17d8f.dir/src.cxx.o
/Library/Developer/CommandLineTools/usr/bin/c++    -DCXXFLAG_WCAST_QUAL_OKAY -isysroot /Library/Developer/CommandLineTools/SDKs/MacOSX11.1.sdk   -Wcast-qual -o CMakeFiles/cmTC_17d8f.dir/src.cxx.o -c "/Users/General/Google Drive (jiayanluo2024@u.northwestern.edu)/School/Freshman Year/Winter/CS 211 - Fundamentals of Computer Programming 2/Homework/Final Project/final_project2/cmake-build-debug/CMakeFiles/CMakeTmp/src.cxx"
Linking CXX executable cmTC_17d8f
/Applications/CLion.app/Contents/bin/cmake/mac/bin/cmake -E cmake_link_script CMakeFiles/cmTC_17d8f.dir/link.txt --verbose=1
/Library/Developer/CommandLineTools/usr/bin/c++   -DCXXFLAG_WCAST_QUAL_OKAY -isysroot /Library/Developer/CommandLineTools/SDKs/MacOSX11.1.sdk -Wl,-search_paths_first -Wl,-headerpad_max_install_names   CMakeFiles/cmTC_17d8f.dir/src.cxx.o  -o cmTC_17d8f 


Source file was:
int main() { return 0; }
Performing C++ SOURCE FILE Test CXXFLAG_WDANGLING_ELSE_OKAY succeeded with the following output:
Change Dir: /Users/General/Google Drive (jiayanluo2024@u.northwestern.edu)/School/Freshman Year/Winter/CS 211 - Fundamentals of Computer Programming 2/Homework/Final Project/final_project2/cmake-build-debug/CMakeFiles/CMakeTmp

Run Build Command(s):/usr/bin/make cmTC_b86c4/fast && /Library/Developer/CommandLineTools/usr/bin/make  -f CMakeFiles/cmTC_b86c4.dir/build.make CMakeFiles/cmTC_b86c4.dir/build
Building CXX object CMakeFiles/cmTC_b86c4.dir/src.cxx.o
/Library/Developer/CommandLineTools/usr/bin/c++    -DCXXFLAG_WDANGLING_ELSE_OKAY -isysroot /Library/Developer/CommandLineTools/SDKs/MacOSX11.1.sdk   -Wdangling-else -o CMakeFiles/cmTC_b86c4.dir/src.cxx.o -c "/Users/General/Google Drive (jiayanluo2024@u.northwestern.edu)/School/Freshman Year/Winter/CS 211 - Fundamentals of Computer Programming 2/Homework/Final Project/final_project2/cmake-build-debug/CMakeFiles/CMakeTmp/src.cxx"
Linking CXX executable cmTC_b86c4
/Applications/CLion.app/Contents/bin/cmake/mac/bin/cmake -E cmake_link_script CMakeFiles/cmTC_b86c4.dir/link.txt --verbose=1
/Library/Developer/CommandLineTools/usr/bin/c++   -DCXXFLAG_WDANGLING_ELSE_OKAY -isysroot /Library/Developer/CommandLineTools/SDKs/MacOSX11.1.sdk -Wl,-search_paths_first -Wl,-headerpad_max_install_names   CMakeFiles/cmTC_b86c4.dir/src.cxx.o  -o cmTC_b86c4 


Source file was:
int main() { return 0; }
Performing C++ SOURCE FILE Test CXXFLAG_WNULL_DEREFERENCE_OKAY succeeded with the following output:
Change Dir: /Users/General/Google Drive (jiayanluo2024@u.northwestern.edu)/School/Freshman Year/Winter/CS 211 - Fundamentals of Computer Programming 2/Homework/Final Project/final_project2/cmake-build-debug/CMakeFiles/CMakeTmp

Run Build Command(s):/usr/bin/make cmTC_0d5d8/fast && /Library/Developer/CommandLineTools/usr/bin/make  -f CMakeFiles/cmTC_0d5d8.dir/build.make CMakeFiles/cmTC_0d5d8.dir/build
Building CXX object CMakeFiles/cmTC_0d5d8.dir/src.cxx.o
/Library/Developer/CommandLineTools/usr/bin/c++    -DCXXFLAG_WNULL_DEREFERENCE_OKAY -isysroot /Library/Developer/CommandLineTools/SDKs/MacOSX11.1.sdk   -Wnull-dereference -o CMakeFiles/cmTC_0d5d8.dir/src.cxx.o -c "/Users/General/Google Drive (jiayanluo2024@u.northwestern.edu)/School/Freshman Year/Winter/CS 211 - Fundamentals of Computer Programming 2/Homework/Final Project/final_project2/cmake-build-debug/CMakeFiles/CMakeTmp/src.cxx"
Linking CXX executable cmTC_0d5d8
/Applications/CLion.app/Contents/bin/cmake/mac/bin/cmake -E cmake_link_script CMakeFiles/cmTC_0d5d8.dir/link.txt --verbose=1
/Library/Developer/CommandLineTools/usr/bin/c++   -DCXXFLAG_WNULL_DEREFERENCE_OKAY -isysroot /Library/Developer/CommandLineTools/SDKs/MacOSX11.1.sdk -Wl,-search_paths_first -Wl,-headerpad_max_install_names   CMakeFiles/cmTC_0d5d8.dir/src.cxx.o  -o cmTC_0d5d8 


Source file was:
int main() { return 0; }
Performing C++ SOURCE FILE Test CXXFLAG_WTYPE_LIMITS_OKAY succeeded with the following output:
Change Dir: /Users/General/Google Drive (jiayanluo2024@u.northwestern.edu)/School/Freshman Year/Winter/CS 211 - Fundamentals of Computer Programming 2/Homework/Final Project/final_project2/cmake-build-debug/CMakeFiles/CMakeTmp

Run Build Command(s):/usr/bin/make cmTC_dd29d/fast && /Library/Developer/CommandLineTools/usr/bin/make  -f CMakeFiles/cmTC_dd29d.dir/build.make CMakeFiles/cmTC_dd29d.dir/build
Building CXX object CMakeFiles/cmTC_dd29d.dir/src.cxx.o
/Library/Developer/CommandLineTools/usr/bin/c++    -DCXXFLAG_WTYPE_LIMITS_OKAY -isysroot /Library/Developer/CommandLineTools/SDKs/MacOSX11.1.sdk   -Wtype-limits -o CMakeFiles/cmTC_dd29d.dir/src.cxx.o -c "/Users/General/Google Drive (jiayanluo2024@u.northwestern.edu)/School/Freshman Year/Winter/CS 211 - Fundamentals of Computer Programming 2/Homework/Final Project/final_project2/cmake-build-debug/CMakeFiles/CMakeTmp/src.cxx"
Linking CXX executable cmTC_dd29d
/Applications/CLion.app/Contents/bin/cmake/mac/bin/cmake -E cmake_link_script CMakeFiles/cmTC_dd29d.dir/link.txt --verbose=1
/Library/Developer/CommandLineTools/usr/bin/c++   -DCXXFLAG_WTYPE_LIMITS_OKAY -isysroot /Library/Developer/CommandLineTools/SDKs/MacOSX11.1.sdk -Wl,-search_paths_first -Wl,-headerpad_max_install_names   CMakeFiles/cmTC_dd29d.dir/src.cxx.o  -o cmTC_dd29d 


Source file was:
int main() { return 0; }
Performing C++ SOURCE FILE Test CXXFLAG_WWRITE_STRINGS_OKAY succeeded with the following output:
Change Dir: /Users/General/Google Drive (jiayanluo2024@u.northwestern.edu)/School/Freshman Year/Winter/CS 211 - Fundamentals of Computer Programming 2/Homework/Final Project/final_project2/cmake-build-debug/CMakeFiles/CMakeTmp

Run Build Command(s):/usr/bin/make cmTC_82f4f/fast && /Library/Developer/CommandLineTools/usr/bin/make  -f CMakeFiles/cmTC_82f4f.dir/build.make CMakeFiles/cmTC_82f4f.dir/build
Building CXX object CMakeFiles/cmTC_82f4f.dir/src.cxx.o
/Library/Developer/CommandLineTools/usr/bin/c++    -DCXXFLAG_WWRITE_STRINGS_OKAY -isysroot /Library/Developer/CommandLineTools/SDKs/MacOSX11.1.sdk   -Wwrite-strings -o CMakeFiles/cmTC_82f4f.dir/src.cxx.o -c "/Users/General/Google Drive (jiayanluo2024@u.northwestern.edu)/School/Freshman Year/Winter/CS 211 - Fundamentals of Computer Programming 2/Homework/Final Project/final_project2/cmake-build-debug/CMakeFiles/CMakeTmp/src.cxx"
Linking CXX executable cmTC_82f4f
/Applications/CLion.app/Contents/bin/cmake/mac/bin/cmake -E cmake_link_script CMakeFiles/cmTC_82f4f.dir/link.txt --verbose=1
/Library/Developer/CommandLineTools/usr/bin/c++   -DCXXFLAG_WWRITE_STRINGS_OKAY -isysroot /Library/Developer/CommandLineTools/SDKs/MacOSX11.1.sdk -Wl,-search_paths_first -Wl,-headerpad_max_install_names   CMakeFiles/cmTC_82f4f.dir/src.cxx.o  -o cmTC_82f4f 


Source file was:
int main() { return 0; }
Performing C++ SOURCE FILE Test CXXFLAG_WERROR_BOOL_OPERATION_OKAY succeeded with the following output:
Change Dir: /Users/General/Google Drive (jiayanluo2024@u.northwestern.edu)/School/Freshman Year/Winter/CS 211 - Fundamentals of Computer Programming 2/Homework/Final Project/final_project2/cmake-build-debug/CMakeFiles/CMakeTmp

Run Build Command(s):/usr/bin/make cmTC_21349/fast && /Library/Developer/CommandLineTools/usr/bin/make  -f CMakeFiles/cmTC_21349.dir/build.make CMakeFiles/cmTC_21349.dir/build
Building CXX object CMakeFiles/cmTC_21349.dir/src.cxx.o
/Library/Developer/CommandLineTools/usr/bin/c++    -DCXXFLAG_WERROR_BOOL_OPERATION_OKAY -isysroot /Library/Developer/CommandLineTools/SDKs/MacOSX11.1.sdk   -Werror=bool-operation -o CMakeFiles/cmTC_21349.dir/src.cxx.o -c "/Users/General/Google Drive (jiayanluo2024@u.northwestern.edu)/School/Freshman Year/Winter/CS 211 - Fundamentals of Computer Programming 2/Homework/Final Project/final_project2/cmake-build-debug/CMakeFiles/CMakeTmp/src.cxx"
Linking CXX executable cmTC_21349
/Applications/CLion.app/Contents/bin/cmake/mac/bin/cmake -E cmake_link_script CMakeFiles/cmTC_21349.dir/link.txt --verbose=1
/Library/Developer/CommandLineTools/usr/bin/c++   -DCXXFLAG_WERROR_BOOL_OPERATION_OKAY -isysroot /Library/Developer/CommandLineTools/SDKs/MacOSX11.1.sdk -Wl,-search_paths_first -Wl,-headerpad_max_install_names   CMakeFiles/cmTC_21349.dir/src.cxx.o  -o cmTC_21349 


Source file was:
int main() { return 0; }
Performing C++ SOURCE FILE Test CXXFLAG_WERROR_INT_TO_POINTER_CAST_OKAY succeeded with the following output:
Change Dir: /Users/General/Google Drive (jiayanluo2024@u.northwestern.edu)/School/Freshman Year/Winter/CS 211 - Fundamentals of Computer Programming 2/Homework/Final Project/final_project2/cmake-build-debug/CMakeFiles/CMakeTmp

Run Build Command(s):/usr/bin/make cmTC_7bfec/fast && /Library/Developer/CommandLineTools/usr/bin/make  -f CMakeFiles/cmTC_7bfec.dir/build.make CMakeFiles/cmTC_7bfec.dir/build
Building CXX object CMakeFiles/cmTC_7bfec.dir/src.cxx.o
/Library/Developer/CommandLineTools/usr/bin/c++    -DCXXFLAG_WERROR_INT_TO_POINTER_CAST_OKAY -isysroot /Library/Developer/CommandLineTools/SDKs/MacOSX11.1.sdk   -Werror=int-to-pointer-cast -o CMakeFiles/cmTC_7bfec.dir/src.cxx.o -c "/Users/General/Google Drive (jiayanluo2024@u.northwestern.edu)/School/Freshman Year/Winter/CS 211 - Fundamentals of Computer Programming 2/Homework/Final Project/final_project2/cmake-build-debug/CMakeFiles/CMakeTmp/src.cxx"
Linking CXX executable cmTC_7bfec
/Applications/CLion.app/Contents/bin/cmake/mac/bin/cmake -E cmake_link_script CMakeFiles/cmTC_7bfec.dir/link.txt --verbose=1
/Library/Developer/CommandLineTools/usr/bin/c++   -DCXXFLAG_WERROR_INT_TO_POINTER_CAST_OKAY -isysroot /Library/Developer/CommandLineTools/SDKs/MacOSX11.1.sdk -Wl,-search_paths_first -Wl,-headerpad_max_install_names   CMakeFiles/cmTC_7bfec.dir/src.cxx.o  -o cmTC_7bfec 


Source file was:
int main() { return 0; }
Performing C++ SOURCE FILE Test CXXFLAG_WERROR_RETURN_TYPE_OKAY succeeded with the following output:
Change Dir: /Users/General/Google Drive (jiayanluo2024@u.northwestern.edu)/School/Freshman Year/Winter/CS 211 - Fundamentals of Computer Programming 2/Homework/Final Project/final_project2/cmake-build-debug/CMakeFiles/CMakeTmp

Run Build Command(s):/usr/bin/make cmTC_8ed28/fast && /Library/Developer/CommandLineTools/usr/bin/make  -f CMakeFiles/cmTC_8ed28.dir/build.make CMakeFiles/cmTC_8ed28.dir/build
Building CXX object CMakeFiles/cmTC_8ed28.dir/src.cxx.o
/Library/Developer/CommandLineTools/usr/bin/c++    -DCXXFLAG_WERROR_RETURN_TYPE_OKAY -isysroot /Library/Developer/CommandLineTools/SDKs/MacOSX11.1.sdk   -Werror=return-type -o CMakeFiles/cmTC_8ed28.dir/src.cxx.o -c "/Users/General/Google Drive (jiayanluo2024@u.northwestern.edu)/School/Freshman Year/Winter/CS 211 - Fundamentals of Computer Programming 2/Homework/Final Project/final_project2/cmake-build-debug/CMakeFiles/CMakeTmp/src.cxx"
Linking CXX executable cmTC_8ed28
/Applications/CLion.app/Contents/bin/cmake/mac/bin/cmake -E cmake_link_script CMakeFiles/cmTC_8ed28.dir/link.txt --verbose=1
/Library/Developer/CommandLineTools/usr/bin/c++   -DCXXFLAG_WERROR_RETURN_TYPE_OKAY -isysroot /Library/Developer/CommandLineTools/SDKs/MacOSX11.1.sdk -Wl,-search_paths_first -Wl,-headerpad_max_install_names   CMakeFiles/cmTC_8ed28.dir/src.cxx.o  -o cmTC_8ed28 


Source file was:
int main() { return 0; }
Performing C++ SOURCE FILE Test CXXFLAG_WERROR_UNINITIALIZED_OKAY succeeded with the following output:
Change Dir: /Users/General/Google Drive (jiayanluo2024@u.northwestern.edu)/School/Freshman Year/Winter/CS 211 - Fundamentals of Computer Programming 2/Homework/Final Project/final_project2/cmake-build-debug/CMakeFiles/CMakeTmp

Run Build Command(s):/usr/bin/make cmTC_31053/fast && /Library/Developer/CommandLineTools/usr/bin/make  -f CMakeFiles/cmTC_31053.dir/build.make CMakeFiles/cmTC_31053.dir/build
Building CXX object CMakeFiles/cmTC_31053.dir/src.cxx.o
/Library/Developer/CommandLineTools/usr/bin/c++    -DCXXFLAG_WERROR_UNINITIALIZED_OKAY -isysroot /Library/Developer/CommandLineTools/SDKs/MacOSX11.1.sdk   -Werror=uninitialized -o CMakeFiles/cmTC_31053.dir/src.cxx.o -c "/Users/General/Google Drive (jiayanluo2024@u.northwestern.edu)/School/Freshman Year/Winter/CS 211 - Fundamentals of Computer Programming 2/Homework/Final Project/final_project2/cmake-build-debug/CMakeFiles/CMakeTmp/src.cxx"
Linking CXX executable cmTC_31053
/Applications/CLion.app/Contents/bin/cmake/mac/bin/cmake -E cmake_link_script CMakeFiles/cmTC_31053.dir/link.txt --verbose=1
/Library/Developer/CommandLineTools/usr/bin/c++   -DCXXFLAG_WERROR_UNINITIALIZED_OKAY -isysroot /Library/Developer/CommandLineTools/SDKs/MacOSX11.1.sdk -Wl,-search_paths_first -Wl,-headerpad_max_install_names   CMakeFiles/cmTC_31053.dir/src.cxx.o  -o cmTC_31053 


Source file was:
int main() { return 0; }
Performing C++ SOURCE FILE Test LDFLAG_FSANITIZE_UNDEFINED_OKAY succeeded with the following output:
Change Dir: /Users/General/Google Drive (jiayanluo2024@u.northwestern.edu)/School/Freshman Year/Winter/CS 211 - Fundamentals of Computer Programming 2/Homework/Final Project/final_project2/cmake-build-debug/CMakeFiles/CMakeTmp

Run Build Command(s):/usr/bin/make cmTC_acbd3/fast && /Library/Developer/CommandLineTools/usr/bin/make  -f CMakeFiles/cmTC_acbd3.dir/build.make CMakeFiles/cmTC_acbd3.dir/build
Building CXX object CMakeFiles/cmTC_acbd3.dir/src.cxx.o
/Library/Developer/CommandLineTools/usr/bin/c++    -fsanitize=undefined -DLDFLAG_FSANITIZE_UNDEFINED_OKAY -isysroot /Library/Developer/CommandLineTools/SDKs/MacOSX11.1.sdk   -o CMakeFiles/cmTC_acbd3.dir/src.cxx.o -c "/Users/General/Google Drive (jiayanluo2024@u.northwestern.edu)/School/Freshman Year/Winter/CS 211 - Fundamentals of Computer Programming 2/Homework/Final Project/final_project2/cmake-build-debug/CMakeFiles/CMakeTmp/src.cxx"
Linking CXX executable cmTC_acbd3
/Applications/CLion.app/Contents/bin/cmake/mac/bin/cmake -E cmake_link_script CMakeFiles/cmTC_acbd3.dir/link.txt --verbose=1
/Library/Developer/CommandLineTools/usr/bin/c++   -fsanitize=undefined -DLDFLAG_FSANITIZE_UNDEFINED_OKAY -isysroot /Library/Developer/CommandLineTools/SDKs/MacOSX11.1.sdk -Wl,-search_paths_first -Wl,-headerpad_max_install_names   CMakeFiles/cmTC_acbd3.dir/src.cxx.o  -o cmTC_acbd3 


Source file was:
int main(){}
